<?xml version="1.0" encoding="UTF-8"?>
<testsuite name="com.example.alexandria.AlexandriaApplicationTests" tests="1" skipped="0" failures="0" errors="0" timestamp="2023-10-06T21:16:01" hostname="WIN-CAPY" time="0.835">
  <properties/>
  <testcase name="contextLoads()" classname="com.example.alexandria.AlexandriaApplicationTests" time="0.835"/>
  <system-out><![CDATA[00:15:57.740 [Test worker] INFO org.springframework.test.context.support.AnnotationConfigContextLoaderUtils -- Could not detect default configuration classes for test class [com.example.alexandria.AlexandriaApplicationTests]: AlexandriaApplicationTests does not declare any static, non-private, non-final, nested classes annotated with @Configuration.
00:15:57.827 [Test worker] INFO org.springframework.boot.test.context.SpringBootTestContextBootstrapper -- Found @SpringBootConfiguration com.example.alexandria.AlexandriaApplication for test class com.example.alexandria.AlexandriaApplicationTests

  .   ____          _            __ _ _
 /\\ / ___'_ __ _ _(_)_ __  __ _ \ \ \ \
( ( )\___ | '_ | '_| | '_ \/ _` | \ \ \ \
 \\/  ___)| |_)| | | | | || (_| |  ) ) ) )
  '  |____| .__|_| |_|_| |_\__, | / / / /
 =========|_|==============|___/=/_/_/_/
 :: Spring Boot ::                (v3.1.4)

2023-10-07T00:15:58.185+03:00  INFO 8080 --- [    Test worker] c.e.a.AlexandriaApplicationTests         : Starting AlexandriaApplicationTests using Java 17.0.9 with PID 8080 (started by Capybara in C:\alexandria\backend)
2023-10-07T00:15:58.188+03:00  INFO 8080 --- [    Test worker] c.e.a.AlexandriaApplicationTests         : No active profile set, falling back to 1 default profile: "default"
2023-10-07T00:15:58.834+03:00  INFO 8080 --- [    Test worker] .s.d.r.c.RepositoryConfigurationDelegate : Bootstrapping Spring Data JPA repositories in DEFAULT mode.
2023-10-07T00:15:58.949+03:00  INFO 8080 --- [    Test worker] .s.d.r.c.RepositoryConfigurationDelegate : Finished Spring Data repository scanning in 45 ms. Found 1 JPA repository interfaces.
2023-10-07T00:15:59.537+03:00  INFO 8080 --- [    Test worker] o.f.c.internal.license.VersionPrinter    : Flyway Community Edition 9.21.0 by Redgate
2023-10-07T00:15:59.537+03:00  INFO 8080 --- [    Test worker] o.f.c.internal.license.VersionPrinter    : See release notes here: https://rd.gt/416ObMi
2023-10-07T00:15:59.537+03:00  INFO 8080 --- [    Test worker] o.f.c.internal.license.VersionPrinter    : 
2023-10-07T00:15:59.572+03:00  INFO 8080 --- [    Test worker] o.f.c.i.database.base.BaseDatabaseType   : Database: jdbc:postgresql://localhost:5432/postgres (PostgreSQL 16.0)
2023-10-07T00:15:59.584+03:00  WARN 8080 --- [    Test worker] o.f.c.internal.database.base.Database    : Flyway upgrade recommended: PostgreSQL 16.0 is newer than this version of Flyway and support has not been tested. The latest supported version of PostgreSQL is 15.
2023-10-07T00:15:59.617+03:00  INFO 8080 --- [    Test worker] o.f.core.internal.command.DbValidate     : Successfully validated 1 migration (execution time 00:00.023s)
2023-10-07T00:15:59.653+03:00  INFO 8080 --- [    Test worker] o.f.core.internal.command.DbMigrate      : Current version of schema "public": 1
2023-10-07T00:15:59.656+03:00  INFO 8080 --- [    Test worker] o.f.core.internal.command.DbMigrate      : Schema "public" is up to date. No migration necessary.
2023-10-07T00:15:59.733+03:00  INFO 8080 --- [    Test worker] o.hibernate.jpa.internal.util.LogHelper  : HHH000204: Processing PersistenceUnitInfo [name: default]
2023-10-07T00:15:59.800+03:00  INFO 8080 --- [    Test worker] org.hibernate.Version                    : HHH000412: Hibernate ORM core version 6.2.9.Final
2023-10-07T00:15:59.803+03:00  INFO 8080 --- [    Test worker] org.hibernate.cfg.Environment            : HHH000406: Using bytecode reflection optimizer
2023-10-07T00:15:59.937+03:00  INFO 8080 --- [    Test worker] o.h.b.i.BytecodeProviderInitiator        : HHH000021: Bytecode provider name : bytebuddy
2023-10-07T00:16:00.053+03:00  INFO 8080 --- [    Test worker] o.s.o.j.p.SpringPersistenceUnitInfo      : No LoadTimeWeaver setup: ignoring JPA class transformer
2023-10-07T00:16:00.069+03:00  INFO 8080 --- [    Test worker] com.zaxxer.hikari.HikariDataSource       : HikariPool-1 - Starting...
2023-10-07T00:16:00.098+03:00  INFO 8080 --- [    Test worker] com.zaxxer.hikari.pool.HikariPool        : HikariPool-1 - Added connection org.postgresql.jdbc.PgConnection@83ea3157
2023-10-07T00:16:00.099+03:00  INFO 8080 --- [    Test worker] com.zaxxer.hikari.HikariDataSource       : HikariPool-1 - Start completed.
2023-10-07T00:16:00.323+03:00  INFO 8080 --- [    Test worker] o.h.b.i.BytecodeProviderInitiator        : HHH000021: Bytecode provider name : bytebuddy
2023-10-07T00:16:00.878+03:00  INFO 8080 --- [    Test worker] o.h.e.t.j.p.i.JtaPlatformInitiator       : HHH000490: Using JtaPlatform implementation: [org.hibernate.engine.transaction.jta.platform.internal.NoJtaPlatform]
2023-10-07T00:16:00.880+03:00  INFO 8080 --- [    Test worker] j.LocalContainerEntityManagerFactoryBean : Initialized JPA EntityManagerFactory for persistence unit 'default'
2023-10-07T00:16:01.638+03:00  INFO 8080 --- [    Test worker] c.e.a.AlexandriaApplicationTests         : Started AlexandriaApplicationTests in 3.689 seconds (process running for 4.997)
]]></system-out>
  <system-err><![CDATA[]]></system-err>
</testsuite>
